<?xml version="1.0" encoding="UTF-8"?>
<!-- Generated by org.testng.reporters.JUnitReportReporter -->
<testsuite hostname="DESKTOP-LLLGMOJ" name="testscripts.TestLogic2" tests="1" failures="0" timestamp="26 Oct 2021 08:07:11 GMT" time="15.808" errors="0">
  <testcase name="testSetupMethod" time="15.808" classname="testscripts.TestLogic2"/>
</testsuite> <!-- testscripts.TestLogic2 -->
