<?xml version="1.0" encoding="UTF-8"?>
<!-- Generated by org.testng.reporters.JUnitReportReporter -->
<testsuite hostname="DESKTOP-LLLGMOJ" name="testscripts.TestLogic" tests="1" failures="0" timestamp="26 Oct 2021 08:07:11 GMT" time="14.865" errors="0">
  <testcase name="testSetupMethod" time="14.865" classname="testscripts.TestLogic"/>
</testsuite> <!-- testscripts.TestLogic -->
