<?xml version="1.0" encoding="UTF-8"?>
<!-- Generated by org.testng.reporters.JUnitReportReporter -->
<testsuite hostname="DESKTOP-LLLGMOJ" name="testing.PropReadingTest" tests="2" failures="0" timestamp="26 Oct 2021 07:50:37 GMT" time="4.938" errors="0">
  <testcase name="propTest2" time="4.929" classname="testing.PropReadingTest"/>
  <testcase name="propTest" time="0.009" classname="testing.PropReadingTest"/>
</testsuite> <!-- testing.PropReadingTest -->
