<?xml version="1.0" encoding="UTF-8"?>
<!-- Generated by org.testng.reporters.JUnitReportReporter -->
<testsuite skipped="0" hostname="DESKTOP-LLLGMOJ" name="testing.PropReading" tests="1" failures="0" timestamp="2021-10-26T13:04:50 IST" time="0.009" errors="0">
  <testcase name="testProp" time="0.009" classname="testing.PropReading"/>
  <system-out/>
</testsuite> <!-- testing.PropReading -->
